# JRE version: Java(TM) SE Runtime Environment (8.0_221-b11) (build 1.8.0_221-b11)
# Java VM: Java HotSpot(TM) 64-Bit Server VM (25.221-b11 mixed mode windows-amd64 compressed oops)
Heap:
 PSYoungGen      total 74240K, used 48765K [0x000000076b600000, 0x0000000770f00000, 0x00000007c0000000)
  eden space 63488K, 67% used [0x000000076b600000,0x000000076dfb5348,0x000000076f400000)
  from space 10752K, 56% used [0x000000076f580000,0x000000076fb6a178,0x0000000770000000)
  to   space 13824K, 0% used [0x0000000770180000,0x0000000770180000,0x0000000770f00000)
 ParOldGen       total 79360K, used 12664K [0x00000006c2200000, 0x00000006c6f80000, 0x000000076b600000)
  object space 79360K, 15% used [0x00000006c2200000,0x00000006c2e5e278,0x00000006c6f80000)
 Metaspace       used 26543K, capacity 27518K, committed 27648K, reserved 1073152K
  class space    used 3345K, capacity 3782K, committed 3840K, reserved 1048576K
GC Heap History (10 events):
Event: 2.967 GC heap before
{Heap before GC invocations=2 (full 0):
 PSYoungGen      total 75776K, used 70623K [0x000000076b600000, 0x0000000770a80000, 0x00000007c0000000)
  eden space 65024K, 100% used [0x000000076b600000,0x000000076f580000,0x000000076f580000)
  from space 10752K, 52% used [0x000000076f580000,0x000000076faf7f90,0x0000000770000000)
  to   space 10752K, 0% used [0x0000000770000000,0x0000000770000000,0x0000000770a80000)
 ParOldGen       total 173568K, used 16K [0x00000006c2200000, 0x00000006ccb80000, 0x000000076b600000)
  object space 173568K, 0% used [0x00000006c2200000,0x00000006c2204000,0x00000006ccb80000)
 Metaspace       used 14353K, capacity 14600K, committed 14720K, reserved 1062912K
  class space    used 1777K, capacity 1856K, committed 1920K, reserved 1048576K
Event: 2.977 GC heap after
Heap after GC invocations=2 (full 0):
 PSYoungGen      total 75776K, used 6764K [0x000000076b600000, 0x0000000770a80000, 0x00000007c0000000)
  eden space 65024K, 0% used [0x000000076b600000,0x000000076b600000,0x000000076f580000)
  from space 10752K, 62% used [0x0000000770000000,0x000000077069b2e0,0x0000000770a80000)
  to   space 10752K, 0% used [0x000000076f580000,0x000000076f580000,0x0000000770000000)
 ParOldGen       total 173568K, used 88K [0x00000006c2200000, 0x00000006ccb80000, 0x000000076b600000)
  object space 173568K, 0% used [0x00000006c2200000,0x00000006c2216010,0x00000006ccb80000)
 Metaspace       used 14353K, capacity 14600K, committed 14720K, reserved 1062912K
  class space    used 1777K, capacity 1856K, committed 1920K, reserved 1048576K
}
Event: 15.764 GC heap before
{Heap before GC invocations=3 (full 0):
 PSYoungGen      total 75776K, used 71788K [0x000000076b600000, 0x0000000770a80000, 0x00000007c0000000)
  eden space 65024K, 100% used [0x000000076b600000,0x000000076f580000,0x000000076f580000)
  from space 10752K, 62% used [0x0000000770000000,0x000000077069b2e0,0x0000000770a80000)
  to   space 10752K, 0% used [0x000000076f580000,0x000000076f580000,0x0000000770000000)
 ParOldGen       total 173568K, used 88K [0x00000006c2200000, 0x00000006ccb80000, 0x000000076b600000)
  object space 173568K, 0% used [0x00000006c2200000,0x00000006c2216010,0x00000006ccb80000)
 Metaspace       used 18039K, capacity 18304K, committed 18432K, reserved 1064960K
  class space    used 2104K, capacity 2196K, committed 2304K, reserved 1048576K
Event: 15.777 GC heap after
Heap after GC invocations=3 (full 0):
 PSYoungGen      total 75776K, used 9393K [0x000000076b600000, 0x0000000770a80000, 0x00000007c0000000)
  eden space 65024K, 0% used [0x000000076b600000,0x000000076b600000,0x000000076f580000)
  from space 10752K, 87% used [0x000000076f580000,0x000000076feac6f8,0x0000000770000000)
  to   space 10752K, 0% used [0x0000000770000000,0x0000000770000000,0x0000000770a80000)
 ParOldGen       total 173568K, used 96K [0x00000006c2200000, 0x00000006ccb80000, 0x000000076b600000)
  object space 173568K, 0% used [0x00000006c2200000,0x00000006c2218010,0x00000006ccb80000)
 Metaspace       used 18039K, capacity 18304K, committed 18432K, reserved 1064960K
  class space    used 2104K, capacity 2196K, committed 2304K, reserved 1048576K
}
Event: 20.780 GC heap before
{Heap before GC invocations=4 (full 0):
 PSYoungGen      total 75776K, used 61578K [0x000000076b600000, 0x0000000770a80000, 0x00000007c0000000)
  eden space 65024K, 80% used [0x000000076b600000,0x000000076e8f64b8,0x000000076f580000)
  from space 10752K, 87% used [0x000000076f580000,0x000000076feac6f8,0x0000000770000000)
  to   space 10752K, 0% used [0x0000000770000000,0x0000000770000000,0x0000000770a80000)
 ParOldGen       total 173568K, used 96K [0x00000006c2200000, 0x00000006ccb80000, 0x000000076b600000)
  object space 173568K, 0% used [0x00000006c2200000,0x00000006c2218010,0x00000006ccb80000)
 Metaspace       used 20669K, capacity 21218K, committed 21248K, reserved 1067008K
  class space    used 2549K, capacity 2814K, committed 2816K, reserved 1048576K
Event: 20.789 GC heap after
Heap after GC invocations=4 (full 0):
 PSYoungGen      total 75776K, used 10742K [0x000000076b600000, 0x0000000770a80000, 0x00000007c0000000)
  eden space 65024K, 0% used [0x000000076b600000,0x000000076b600000,0x000000076f580000)
  from space 10752K, 99% used [0x0000000770000000,0x0000000770a7da38,0x0000000770a80000)
  to   space 10752K, 0% used [0x000000076f580000,0x000000076f580000,0x0000000770000000)
 ParOldGen       total 173568K, used 2088K [0x00000006c2200000, 0x00000006ccb80000, 0x000000076b600000)
  object space 173568K, 1% used [0x00000006c2200000,0x00000006c240a298,0x00000006ccb80000)
 Metaspace       used 20669K, capacity 21218K, committed 21248K, reserved 1067008K
  class space    used 2549K, capacity 2814K, committed 2816K, reserved 1048576K
}
Event: 20.789 GC heap before
{Heap before GC invocations=5 (full 1):
 PSYoungGen      total 75776K, used 10742K [0x000000076b600000, 0x0000000770a80000, 0x00000007c0000000)
  eden space 65024K, 0% used [0x000000076b600000,0x000000076b600000,0x000000076f580000)
  from space 10752K, 99% used [0x0000000770000000,0x0000000770a7da38,0x0000000770a80000)
  to   space 10752K, 0% used [0x000000076f580000,0x000000076f580000,0x0000000770000000)
 ParOldGen       total 173568K, used 2088K [0x00000006c2200000, 0x00000006ccb80000, 0x000000076b600000)
  object space 173568K, 1% used [0x00000006c2200000,0x00000006c240a298,0x00000006ccb80000)
 Metaspace       used 20669K, capacity 21218K, committed 21248K, reserved 1067008K
  class space    used 2549K, capacity 2814K, committed 2816K, reserved 1048576K
Event: 20.834 GC heap after
Heap after GC invocations=5 (full 1):
 PSYoungGen      total 75776K, used 0K [0x000000076b600000, 0x0000000770a80000, 0x00000007c0000000)
  eden space 65024K, 0% used [0x000000076b600000,0x000000076b600000,0x000000076f580000)
  from space 10752K, 0% used [0x0000000770000000,0x0000000770000000,0x0000000770a80000)
  to   space 10752K, 0% used [0x000000076f580000,0x000000076f580000,0x0000000770000000)
 ParOldGen       total 79360K, used 12656K [0x00000006c2200000, 0x00000006c6f80000, 0x000000076b600000)
  object space 79360K, 15% used [0x00000006c2200000,0x00000006c2e5c278,0x00000006c6f80000)
 Metaspace       used 20669K, capacity 21218K, committed 21248K, reserved 1067008K
  class space    used 2549K, capacity 2814K, committed 2816K, reserved 1048576K
}
Event: 22.576 GC heap before
{Heap before GC invocations=6 (full 1):
 PSYoungGen      total 75776K, used 65024K [0x000000076b600000, 0x0000000770a80000, 0x00000007c0000000)
  eden space 65024K, 100% used [0x000000076b600000,0x000000076f580000,0x000000076f580000)
  from space 10752K, 0% used [0x0000000770000000,0x0000000770000000,0x0000000770a80000)
  to   space 10752K, 0% used [0x000000076f580000,0x000000076f580000,0x0000000770000000)
 ParOldGen       total 79360K, used 12656K [0x00000006c2200000, 0x00000006c6f80000, 0x000000076b600000)
  object space 79360K, 15% used [0x00000006c2200000,0x00000006c2e5c278,0x00000006c6f80000)
 Metaspace       used 23996K, capacity 24942K, committed 25088K, reserved 1071104K
  class space    used 3060K, capacity 3482K, committed 3584K, reserved 1048576K
Event: 22.581 GC heap after
Heap after GC invocations=6 (full 1):
 PSYoungGen      total 74240K, used 6056K [0x000000076b600000, 0x0000000770f00000, 0x00000007c0000000)
  eden space 63488K, 0% used [0x000000076b600000,0x000000076b600000,0x000000076f400000)
  from space 10752K, 56% used [0x000000076f580000,0x000000076fb6a178,0x0000000770000000)
  to   space 13824K, 0% used [0x0000000770180000,0x0000000770180000,0x0000000770f00000)
 ParOldGen       total 79360K, used 12664K [0x00000006c2200000, 0x00000006c6f80000, 0x000000076b600000)
  object space 79360K, 15% used [0x00000006c2200000,0x00000006c2e5e278,0x00000006c6f80000)
 Metaspace       used 23996K, capacity 24942K, committed 25088K, reserved 1071104K
  class space    used 3060K, capacity 3482K, committed 3584K, reserved 1048576K
}

